[INFO] [25/09  05.51:19]  *****************            Sample test case 1         ***********************
[INFO] [25/09  05.51:19] -----------------------------------------------------------------------------------
[INFO] [25/09  05.51:19] info method is executing
[INFO] [25/09  05.51:19] Pass method is executing
[INFO] [25/09  05.51:19] fail method is executing
[INFO] [25/09  05.51:19] warn method is exeucuting
[INFO] [25/09  05.51:19] fatal method is exeucing
[INFO] [25/09  05.51:19] ################################################################
[INFO] [25/09  05.51:19]  *****************            Sample test cas e 1        ***********************
[INFO] [25/09  05.51:19] -----------------------------------------------------------------------------------
[INFO] [25/09  05.51:19] info method is executing
[INFO] [25/09  05.51:19] Pass method is executing
[INFO] [25/09  05.51:19] fail method is executing
[INFO] [25/09  05.51:19] warn method is exeucuting
[INFO] [25/09  05.51:19] fatal method is exeucing
[INFO] [25/09  05.51:19] ################################################################
[INFO] [25/09  05.54:21]  *****************            Sample test case 1         ***********************
[INFO] [25/09  05.54:21] -----------------------------------------------------------------------------------
[INFO] [25/09  05.54:21] info method is executing
[INFO] [25/09  05.54:21] Pass method is executing
[INFO] [25/09  05.54:21] fail method is executing
[INFO] [25/09  05.54:21] warn method is exeucuting
[INFO] [25/09  05.54:21] fatal method is exeucing
[INFO] [25/09  05.54:21] ################################################################
[INFO] [25/09  05.54:21]  *****************            Sample test case 2         ***********************
[INFO] [25/09  05.54:21] -----------------------------------------------------------------------------------
[INFO] [25/09  05.54:21] info method is executing
[INFO] [25/09  05.54:21] Pass method is executing
[INFO] [25/09  05.54:21] fail method is executing
[INFO] [25/09  05.54:21] warn method is exeucuting
[INFO] [25/09  05.54:21] fatal method is exeucing
[INFO] [25/09  05.54:21] ################################################################
[INFO] [03/10  04.57:26]  *****************            ExcelInvocation         ***********************
[INFO] [03/10  04.57:26] -----------------------------------------------------------------------------------
[INFO] [03/10  04.57:27] Excel invoked successfullyExcelData1.xlsx
[INFO] [03/10  04.57:28] Workbook invoked successfully
[INFO] [03/10  05.03:34]  *****************            ExcelInvocation         ***********************
[INFO] [03/10  05.03:34] -----------------------------------------------------------------------------------
[INFO] [03/10  05.03:34] Excel invoked successfullyExcelData1.xlsx
[INFO] [03/10  05.03:36] Workbook invoked successfully
[INFO] [03/10  05.05:56]  *****************            ExcelInvocation         ***********************
[INFO] [03/10  05.05:56] -----------------------------------------------------------------------------------
[INFO] [03/10  05.05:57] Excel invoked successfullyExcelData1.xlsx
[INFO] [03/10  05.05:58] Workbook invoked successfully
[INFO] [03/10  05.05:58] ################################################################
[INFO] [16/10  06.05:08] 2021/10/16 18:05:08
[INFO] [16/10  06.05:08] 1016180508
[INFO] [16/10  06.07:32] 2021/10/16 18:07:32
[INFO] [16/10  06.07:32] 1016180732
[INFO] [16/10  06.14:35] 2021/10/16 18:14:35
[INFO] [16/10  06.14:35] 1016181435
[INFO] [16/10  06.20:13] 2021/10/16 18:20:13
[INFO] [16/10  06.20:13] 1016182013
[INFO] [16/10  06.21:29] 2021/10/16 18:21:29
[INFO] [16/10  06.21:29] 1016182129
[INFO] [16/10  06.23:20] 2021/10/16 18:23:20
[INFO] [16/10  06.23:20] 1016182320
[INFO] [16/10  06.26:53] 2021/10/16 18:26:53
[INFO] [16/10  06.26:53] 1016182653
[INFO] [16/10  06.32:08] 2021/10/16 18:32:08
[INFO] [16/10  06.32:08] 1016183208
[INFO] [16/10  06.38:20] 2021/10/16 18:38:20
[INFO] [16/10  06.38:20] 1016183820
[INFO] [16/10  06.46:27] 2021/10/16 18:46:27
[INFO] [16/10  06.46:27] 1016184627
[INFO] [16/10  06.48:52] 2021/10/16 18:48:52
[INFO] [16/10  06.48:52] 1016184852
[INFO] [16/10  06.49:37] 2021/10/16 18:49:37
[INFO] [16/10  06.49:37] 1016184937
[INFO] [16/10  06.50:58] 2021/10/16 18:50:58
[INFO] [16/10  06.50:58] 1016185058
[INFO] [16/10  06.52:41] 2021/10/16 18:52:41
[INFO] [16/10  06.52:41] 1016185241
[INFO] [16/10  06.52:41] java.io.FileNotFoundException: C:\Users\User\eclipse-workspace\com.gcreddyClasses.selenium.BatchNo24\ExcelData1.xlsx (The system cannot find the file specified)
[INFO] [16/10  06.55:10] 2021/10/16 18:55:10
[INFO] [16/10  06.55:10] 1016185510
[INFO] [16/10  06.55:10] java.io.FileNotFoundException: C:\Users\User\eclipse-workspace\com.gcreddyClasses.selenium.BatchNo24\ExcelData1.xlsx (The system cannot find the file specified)
[INFO] [16/10  06.59:17] 2021/10/16 18:59:17
[INFO] [16/10  06.59:17] 1016185917
[INFO] [16/10  07.04:06] 2021/10/16 19:04:06
[INFO] [16/10  07.04:06] 1016190406
[INFO] [16/10  07.11:50] 2021/10/16 19:11:50
[INFO] [16/10  07.11:50] 1016191150
[INFO] [16/10  07.15:08] 2021/10/16 19:15:08
[INFO] [16/10  07.15:08] 1016191508
